.globl compute
compute:
	pushq %rbp
	movq %rsp, %rbp

	pushq %rdi
	pushq %rsi
	pushq %rdx

	subq $16, %rsp

	pushq %rbx
	pushq %r12
	pushq %r13
	pushq %r14
	pushq %r15

	movq -8(%rbp), %rbx
	movq -16(%rbp), %rdi
	movq -24(%rbp), %rsi

	movq -16(%rbp), %rbx
	movq -24(%rbp), %r10
	addq %rbx, %r10
	movq -32(%rbp), %rbx
	addq %r10, %rbx
	movq -40(%rbp), %r10
	movq $5, %r11
	movq %r10, %rax
	imul %r11
	movq %rax,%r11 

	movq -48(%rbp), %r10
	movq %r10, %rax
	popq %r15
	popq %r14
	popq %r13
	popq %r12
	movq %rbp, %rsp
	popq %rbp
	ret

anything after is ommitted in code
	popq %r15
	popq %r14
	popq %r13
	popq %r12
	popq %rbx

	movq %rbp, %rsp
	popq %rbp
	ret
